2025-05-05 20:49:27.621 [info] [main] Log level: Info
2025-05-05 20:49:27.621 [info] [main] Validating found git in: "git"
2025-05-05 20:49:27.622 [info] [main] Using git "2.43.0" from "git"
2025-05-05 20:49:27.622 [info] [Model][doInitialScan] Initial repository scan started
2025-05-05 20:49:27.622 [info] > git rev-parse --show-toplevel [24ms]
2025-05-05 20:49:27.622 [info] fatal: not a git repository (or any of the parent directories): .git
2025-05-05 20:49:27.622 [info] > git rev-parse --show-toplevel [3ms]
2025-05-05 20:49:27.622 [info] fatal: not a git repository (or any of the parent directories): .git
2025-05-05 20:49:27.622 [info] > git rev-parse --show-toplevel [1ms]
2025-05-05 20:49:27.622 [info] fatal: not a git repository (or any of the parent directories): .git
2025-05-05 20:49:27.625 [info] > git rev-parse --show-toplevel [1ms]
2025-05-05 20:49:27.625 [info] fatal: not a git repository (or any of the parent directories): .git
2025-05-05 20:49:27.627 [info] > git rev-parse --show-toplevel [0ms]
2025-05-05 20:49:27.627 [info] fatal: not a git repository (or any of the parent directories): .git
2025-05-05 20:49:27.629 [info] > git rev-parse --show-toplevel [0ms]
2025-05-05 20:49:27.629 [info] fatal: not a git repository (or any of the parent directories): .git
2025-05-05 20:49:27.631 [info] > git rev-parse --show-toplevel [0ms]
2025-05-05 20:49:27.631 [info] fatal: not a git repository (or any of the parent directories): .git
2025-05-05 20:49:27.634 [info] > git rev-parse --show-toplevel [1ms]
2025-05-05 20:49:27.634 [info] fatal: not a git repository (or any of the parent directories): .git
2025-05-05 20:49:27.636 [info] [Model][doInitialScan] Initial repository scan completed - repositories (0), closed repositories (0), parent repositories (0), unsafe repositories (0)
2025-05-05 20:49:28.577 [info] > git rev-parse --show-toplevel [1ms]
2025-05-05 20:49:28.577 [info] fatal: not a git repository (or any of the parent directories): .git
