2025-05-05 20:50:11.065 [info] [main] Log level: Info
2025-05-05 20:50:11.065 [info] [main] Validating found git in: "git"
2025-05-05 20:50:11.065 [info] [main] Using git "2.43.0" from "git"
2025-05-05 20:50:11.065 [info] [Model][doInitialScan] Initial repository scan started
2025-05-05 20:50:11.065 [info] > git rev-parse --show-toplevel [3ms]
2025-05-05 20:50:11.065 [info] fatal: not a git repository (or any of the parent directories): .git
2025-05-05 20:50:11.065 [info] > git rev-parse --show-toplevel [0ms]
2025-05-05 20:50:11.065 [info] fatal: not a git repository (or any of the parent directories): .git
2025-05-05 20:50:11.068 [info] > git rev-parse --show-toplevel [1ms]
2025-05-05 20:50:11.068 [info] fatal: not a git repository (or any of the parent directories): .git
2025-05-05 20:50:11.070 [info] > git rev-parse --show-toplevel [1ms]
2025-05-05 20:50:11.070 [info] fatal: not a git repository (or any of the parent directories): .git
2025-05-05 20:50:11.072 [info] > git rev-parse --show-toplevel [1ms]
2025-05-05 20:50:11.072 [info] fatal: not a git repository (or any of the parent directories): .git
2025-05-05 20:50:11.074 [info] > git rev-parse --show-toplevel [0ms]
2025-05-05 20:50:11.074 [info] fatal: not a git repository (or any of the parent directories): .git
2025-05-05 20:50:11.077 [info] > git rev-parse --show-toplevel [0ms]
2025-05-05 20:50:11.077 [info] fatal: not a git repository (or any of the parent directories): .git
2025-05-05 20:50:11.079 [info] [Model][doInitialScan] Initial repository scan completed - repositories (0), closed repositories (0), parent repositories (0), unsafe repositories (0)
2025-05-05 20:50:12.479 [info] > git rev-parse --show-toplevel [1ms]
2025-05-05 20:50:12.479 [info] fatal: not a git repository (or any of the parent directories): .git
2025-05-05 20:50:45.494 [info] > git rev-parse --show-toplevel [1ms]
2025-05-05 20:50:45.494 [info] fatal: not a git repository (or any of the parent directories): .git
2025-05-05 20:51:28.185 [info] > git rev-parse --show-toplevel [2ms]
2025-05-05 20:51:28.188 [info] > git rev-parse --git-dir --git-common-dir [0ms]
2025-05-05 20:51:28.195 [info] [Model][openRepository] Opened repository: /home/sebasrc
2025-05-05 20:51:28.202 [info] [Git][getRemotes] No remotes found in the git config file
2025-05-05 20:51:28.203 [info] > git for-each-ref --format=%(refname)%00%(upstream:short)%00%(objectname)%00%(upstream:track)%00%(upstream:remotename)%00%(upstream:remoteref) refs/heads/master refs/remotes/master [2ms]
2025-05-05 20:51:28.203 [warning] [Git][getBranch] No such branch: master
2025-05-05 20:51:28.204 [info] > git config --get commit.template [6ms]
2025-05-05 20:51:28.210 [info] > git for-each-ref --sort -committerdate --format %(refname)%00%(objectname)%00%(*objectname) [1ms]
2025-05-05 20:51:28.470 [info] > git status -z -uall [264ms]
2025-05-05 20:51:28.526 [info] > git for-each-ref --format=%(refname)%00%(upstream:short)%00%(objectname)%00%(upstream:track)%00%(upstream:remotename)%00%(upstream:remoteref) refs/heads/master refs/remotes/master [9ms]
2025-05-05 20:51:28.527 [warning] [Git][getBranch] No such branch: master
2025-05-05 20:51:28.527 [error] [GitHistoryProvider][resolveHEADMergeBase] Failed to resolve merge base for master: Error: No such branch: master.
2025-05-05 20:51:28.528 [info] > git config --get commit.template [6ms]
2025-05-05 20:51:28.531 [info] [Git][getRemotes] No remotes found in the git config file
2025-05-05 20:51:28.531 [info] > git for-each-ref --format=%(refname)%00%(upstream:short)%00%(objectname)%00%(upstream:track)%00%(upstream:remotename)%00%(upstream:remoteref) refs/heads/master refs/remotes/master [1ms]
2025-05-05 20:51:28.531 [warning] [Git][getBranch] No such branch: master
2025-05-05 20:51:28.541 [info] > git for-each-ref --sort -committerdate --format %(refname)%00%(objectname)%00%(*objectname) [5ms]
2025-05-05 20:51:28.552 [info] > git status -z -uall [18ms]
2025-05-05 20:51:29.058 [info] > git check-ignore -v -z --stdin [11ms]
2025-05-05 21:00:42.418 [info] > git check-ignore -v -z --stdin [13ms]
2025-05-05 21:14:31.282 [info] > git config --get commit.template [4ms]
2025-05-05 21:14:31.292 [info] > git for-each-ref --format=%(refname)%00%(upstream:short)%00%(objectname)%00%(upstream:track)%00%(upstream:remotename)%00%(upstream:remoteref) refs/heads/master refs/remotes/master [10ms]
2025-05-05 21:14:31.298 [info] > git for-each-ref --sort -committerdate --format %(refname)%00%(objectname)%00%(*objectname) [0ms]
2025-05-05 21:14:31.536 [info] > git status -z -uall [242ms]
2025-05-05 21:14:31.872 [info] > git ls-files --stage -- web.html [10ms]
2025-05-05 21:14:31.874 [info] > git show --textconv :web.html [14ms]
2025-05-05 21:14:31.875 [info] > git cat-file -s ca177cba0634f625b8ed07ec35eb3b61c868d638 [1ms]
2025-05-05 21:14:31.933 [info] > git blame --root --incremental ecda6f5fca893c393c646bb620c9051f5c06bdfe -- web.html [1ms]
2025-05-05 21:19:43.345 [info] > git config --get commit.template [2ms]
2025-05-05 21:19:43.348 [info] [Git][getRemotes] No remotes found in the git config file
2025-05-05 21:19:43.349 [info] > git for-each-ref --format=%(refname)%00%(upstream:short)%00%(objectname)%00%(upstream:track)%00%(upstream:remotename)%00%(upstream:remoteref) refs/heads/master refs/remotes/master [1ms]
2025-05-05 21:19:43.359 [info] > git for-each-ref --sort -committerdate --format %(refname)%00%(objectname)%00%(*objectname) [5ms]
2025-05-05 21:19:43.360 [info] > git ls-files --stage -- web.html [2ms]
2025-05-05 21:19:43.363 [info] > git cat-file -s ca177cba0634f625b8ed07ec35eb3b61c868d638 [1ms]
2025-05-05 21:19:43.371 [info] > git status -z -uall [20ms]
2025-05-05 21:19:43.376 [info] > git show --textconv :web.html [2ms]
2025-05-05 21:36:58.897 [info] > git config --get commit.template [2ms]
2025-05-05 21:36:58.904 [info] > git for-each-ref --format=%(refname)%00%(upstream:short)%00%(objectname)%00%(upstream:track)%00%(upstream:remotename)%00%(upstream:remoteref) refs/heads/master refs/remotes/master [4ms]
2025-05-05 21:36:58.910 [info] > git ls-files --stage -- web.html [6ms]
2025-05-05 21:36:58.912 [info] > git for-each-ref --sort -committerdate --format %(refname)%00%(objectname)%00%(*objectname) [3ms]
2025-05-05 21:36:58.913 [info] > git cat-file -s ca177cba0634f625b8ed07ec35eb3b61c868d638 [1ms]
2025-05-05 21:36:58.926 [info] > git status -z -uall [19ms]
2025-05-05 21:36:58.928 [info] > git show --textconv :web.html [3ms]
2025-05-05 21:53:49.608 [info] > git config --get commit.template [9ms]
2025-05-05 21:53:49.610 [info] > git for-each-ref --format=%(refname)%00%(upstream:short)%00%(objectname)%00%(upstream:track)%00%(upstream:remotename)%00%(upstream:remoteref) refs/heads/master refs/remotes/master [5ms]
2025-05-05 21:53:49.617 [info] > git ls-files --stage -- web.html [14ms]
2025-05-05 21:53:49.619 [info] > git for-each-ref --sort -committerdate --format %(refname)%00%(objectname)%00%(*objectname) [3ms]
2025-05-05 21:53:49.620 [info] > git cat-file -s ca177cba0634f625b8ed07ec35eb3b61c868d638 [1ms]
2025-05-05 21:53:49.630 [info] > git show --textconv :web.html [2ms]
2025-05-05 21:53:49.878 [info] > git status -z -uall [265ms]
2025-05-05 21:53:54.887 [info] > git config --get commit.template [3ms]
2025-05-05 21:53:54.888 [info] > git for-each-ref --format=%(refname)%00%(upstream:short)%00%(objectname)%00%(upstream:track)%00%(upstream:remotename)%00%(upstream:remoteref) refs/heads/master refs/remotes/master [1ms]
2025-05-05 21:53:54.892 [info] > git for-each-ref --sort -committerdate --format %(refname)%00%(objectname)%00%(*objectname) [1ms]
2025-05-05 21:53:54.906 [info] > git status -z -uall [17ms]
2025-05-05 21:53:59.912 [info] > git config --get commit.template [1ms]
2025-05-05 21:53:59.915 [info] > git for-each-ref --format=%(refname)%00%(upstream:short)%00%(objectname)%00%(upstream:track)%00%(upstream:remotename)%00%(upstream:remoteref) refs/heads/master refs/remotes/master [1ms]
2025-05-05 21:53:59.921 [info] > git for-each-ref --sort -committerdate --format %(refname)%00%(objectname)%00%(*objectname) [1ms]
2025-05-05 21:53:59.934 [info] > git status -z -uall [17ms]
2025-05-05 21:54:08.371 [info] > git config --get commit.template [2ms]
2025-05-05 21:54:08.374 [info] > git for-each-ref --format=%(refname)%00%(upstream:short)%00%(objectname)%00%(upstream:track)%00%(upstream:remotename)%00%(upstream:remoteref) refs/heads/master refs/remotes/master [1ms]
2025-05-05 21:54:08.381 [info] > git for-each-ref --sort -committerdate --format %(refname)%00%(objectname)%00%(*objectname) [1ms]
2025-05-05 21:54:08.397 [info] > git status -z -uall [20ms]
2025-05-05 21:54:14.681 [info] > git config --get commit.template [1ms]
2025-05-05 21:54:14.683 [info] > git for-each-ref --format=%(refname)%00%(upstream:short)%00%(objectname)%00%(upstream:track)%00%(upstream:remotename)%00%(upstream:remoteref) refs/heads/master refs/remotes/master [0ms]
2025-05-05 21:54:14.688 [info] > git for-each-ref --sort -committerdate --format %(refname)%00%(objectname)%00%(*objectname) [1ms]
2025-05-05 21:54:14.698 [info] > git status -z -uall [13ms]
2025-05-05 21:54:19.705 [info] > git config --get commit.template [1ms]
2025-05-05 21:54:19.707 [info] > git for-each-ref --format=%(refname)%00%(upstream:short)%00%(objectname)%00%(upstream:track)%00%(upstream:remotename)%00%(upstream:remoteref) refs/heads/master refs/remotes/master [0ms]
2025-05-05 21:54:19.713 [info] > git for-each-ref --sort -committerdate --format %(refname)%00%(objectname)%00%(*objectname) [1ms]
2025-05-05 21:54:19.723 [info] > git status -z -uall [14ms]
2025-05-05 21:54:24.731 [info] > git config --get commit.template [3ms]
2025-05-05 21:54:24.731 [info] > git for-each-ref --format=%(refname)%00%(upstream:short)%00%(objectname)%00%(upstream:track)%00%(upstream:remotename)%00%(upstream:remoteref) refs/heads/master refs/remotes/master [1ms]
2025-05-05 21:54:24.735 [info] > git for-each-ref --sort -committerdate --format %(refname)%00%(objectname)%00%(*objectname) [1ms]
2025-05-05 21:54:24.747 [info] > git status -z -uall [15ms]
2025-05-05 21:54:29.754 [info] > git config --get commit.template [2ms]
2025-05-05 21:54:29.755 [info] > git for-each-ref --format=%(refname)%00%(upstream:short)%00%(objectname)%00%(upstream:track)%00%(upstream:remotename)%00%(upstream:remoteref) refs/heads/master refs/remotes/master [1ms]
2025-05-05 21:54:29.759 [info] > git for-each-ref --sort -committerdate --format %(refname)%00%(objectname)%00%(*objectname) [1ms]
2025-05-05 21:54:29.769 [info] > git status -z -uall [13ms]
2025-05-05 21:54:34.775 [info] > git config --get commit.template [2ms]
2025-05-05 21:54:34.776 [info] > git for-each-ref --format=%(refname)%00%(upstream:short)%00%(objectname)%00%(upstream:track)%00%(upstream:remotename)%00%(upstream:remoteref) refs/heads/master refs/remotes/master [1ms]
2025-05-05 21:54:34.781 [info] > git for-each-ref --sort -committerdate --format %(refname)%00%(objectname)%00%(*objectname) [1ms]
2025-05-05 21:54:34.792 [info] > git status -z -uall [14ms]
2025-05-05 21:54:39.801 [info] > git config --get commit.template [3ms]
2025-05-05 21:54:39.801 [info] > git for-each-ref --format=%(refname)%00%(upstream:short)%00%(objectname)%00%(upstream:track)%00%(upstream:remotename)%00%(upstream:remoteref) refs/heads/master refs/remotes/master [1ms]
2025-05-05 21:54:39.807 [info] > git for-each-ref --sort -committerdate --format %(refname)%00%(objectname)%00%(*objectname) [1ms]
2025-05-05 21:54:39.817 [info] > git status -z -uall [14ms]
2025-05-05 21:54:44.823 [info] > git config --get commit.template [2ms]
2025-05-05 21:54:44.823 [info] > git for-each-ref --format=%(refname)%00%(upstream:short)%00%(objectname)%00%(upstream:track)%00%(upstream:remotename)%00%(upstream:remoteref) refs/heads/master refs/remotes/master [0ms]
2025-05-05 21:54:44.828 [info] > git for-each-ref --sort -committerdate --format %(refname)%00%(objectname)%00%(*objectname) [1ms]
2025-05-05 21:54:44.839 [info] > git status -z -uall [14ms]
2025-05-05 21:54:51.120 [info] > git config --get commit.template [2ms]
2025-05-05 21:54:51.121 [info] > git for-each-ref --format=%(refname)%00%(upstream:short)%00%(objectname)%00%(upstream:track)%00%(upstream:remotename)%00%(upstream:remoteref) refs/heads/master refs/remotes/master [1ms]
2025-05-05 21:54:51.125 [info] > git for-each-ref --sort -committerdate --format %(refname)%00%(objectname)%00%(*objectname) [1ms]
2025-05-05 21:54:51.138 [info] > git status -z -uall [16ms]
2025-05-05 21:54:56.145 [info] > git config --get commit.template [2ms]
2025-05-05 21:54:56.145 [info] > git for-each-ref --format=%(refname)%00%(upstream:short)%00%(objectname)%00%(upstream:track)%00%(upstream:remotename)%00%(upstream:remoteref) refs/heads/master refs/remotes/master [0ms]
2025-05-05 21:54:56.150 [info] > git for-each-ref --sort -committerdate --format %(refname)%00%(objectname)%00%(*objectname) [1ms]
2025-05-05 21:54:56.162 [info] > git status -z -uall [15ms]
2025-05-05 21:55:01.170 [info] > git config --get commit.template [3ms]
2025-05-05 21:55:01.170 [info] > git for-each-ref --format=%(refname)%00%(upstream:short)%00%(objectname)%00%(upstream:track)%00%(upstream:remotename)%00%(upstream:remoteref) refs/heads/master refs/remotes/master [1ms]
2025-05-05 21:55:01.174 [info] > git for-each-ref --sort -committerdate --format %(refname)%00%(objectname)%00%(*objectname) [1ms]
2025-05-05 21:55:01.186 [info] > git status -z -uall [15ms]
2025-05-05 21:55:12.409 [info] > git config --get commit.template [2ms]
2025-05-05 21:55:12.413 [info] > git for-each-ref --format=%(refname)%00%(upstream:short)%00%(objectname)%00%(upstream:track)%00%(upstream:remotename)%00%(upstream:remoteref) refs/heads/master refs/remotes/master [1ms]
2025-05-05 21:55:12.419 [info] > git for-each-ref --sort -committerdate --format %(refname)%00%(objectname)%00%(*objectname) [1ms]
2025-05-05 21:55:12.434 [info] > git status -z -uall [18ms]
2025-05-05 21:55:17.443 [info] > git config --get commit.template [2ms]
2025-05-05 21:55:17.444 [info] > git for-each-ref --format=%(refname)%00%(upstream:short)%00%(objectname)%00%(upstream:track)%00%(upstream:remotename)%00%(upstream:remoteref) refs/heads/master refs/remotes/master [1ms]
2025-05-05 21:55:17.449 [info] > git for-each-ref --sort -committerdate --format %(refname)%00%(objectname)%00%(*objectname) [1ms]
2025-05-05 21:55:17.461 [info] > git status -z -uall [15ms]
2025-05-05 21:55:23.759 [info] > git config --get commit.template [2ms]
2025-05-05 21:55:23.759 [info] > git for-each-ref --format=%(refname)%00%(upstream:short)%00%(objectname)%00%(upstream:track)%00%(upstream:remotename)%00%(upstream:remoteref) refs/heads/master refs/remotes/master [1ms]
2025-05-05 21:55:23.763 [info] > git for-each-ref --sort -committerdate --format %(refname)%00%(objectname)%00%(*objectname) [1ms]
2025-05-05 21:55:23.776 [info] > git status -z -uall [15ms]
2025-05-05 21:55:28.782 [info] > git config --get commit.template [2ms]
2025-05-05 21:55:28.783 [info] > git for-each-ref --format=%(refname)%00%(upstream:short)%00%(objectname)%00%(upstream:track)%00%(upstream:remotename)%00%(upstream:remoteref) refs/heads/master refs/remotes/master [1ms]
2025-05-05 21:55:28.786 [info] > git for-each-ref --sort -committerdate --format %(refname)%00%(objectname)%00%(*objectname) [1ms]
2025-05-05 21:55:28.797 [info] > git status -z -uall [13ms]
2025-05-05 22:06:10.233 [info] > git config --get commit.template [7ms]
2025-05-05 22:06:10.234 [info] > git for-each-ref --format=%(refname)%00%(upstream:short)%00%(objectname)%00%(upstream:track)%00%(upstream:remotename)%00%(upstream:remoteref) refs/heads/master refs/remotes/master [5ms]
2025-05-05 22:06:10.240 [info] > git ls-files --stage -- web.html [7ms]
2025-05-05 22:06:10.242 [info] > git for-each-ref --sort -committerdate --format %(refname)%00%(objectname)%00%(*objectname) [3ms]
2025-05-05 22:06:10.243 [info] > git cat-file -s 91e695f6eebc852f291d187e6262ef1f5fff0483 [1ms]
2025-05-05 22:06:10.257 [info] > git status -z -uall [21ms]
2025-05-05 22:06:10.263 [info] > git show --textconv :web.html [7ms]
2025-05-05 22:06:10.264 [info] > git blame --root --incremental 2d6d766406a05a80236fe25f2be75cef3addaa47 -- web.html [3ms]
2025-05-05 22:06:15.267 [info] > git config --get commit.template [2ms]
2025-05-05 22:06:15.269 [info] > git for-each-ref --format=%(refname)%00%(upstream:short)%00%(objectname)%00%(upstream:track)%00%(upstream:remotename)%00%(upstream:remoteref) refs/heads/master refs/remotes/master [0ms]
2025-05-05 22:06:15.273 [info] > git for-each-ref --sort -committerdate --format %(refname)%00%(objectname)%00%(*objectname) [1ms]
2025-05-05 22:06:15.287 [info] > git status -z -uall [16ms]
2025-05-05 22:06:20.295 [info] > git config --get commit.template [3ms]
2025-05-05 22:06:20.295 [info] > git for-each-ref --format=%(refname)%00%(upstream:short)%00%(objectname)%00%(upstream:track)%00%(upstream:remotename)%00%(upstream:remoteref) refs/heads/master refs/remotes/master [0ms]
2025-05-05 22:06:20.300 [info] > git for-each-ref --sort -committerdate --format %(refname)%00%(objectname)%00%(*objectname) [2ms]
2025-05-05 22:06:20.310 [info] > git status -z -uall [14ms]
2025-05-05 22:06:25.316 [info] > git config --get commit.template [2ms]
2025-05-05 22:06:25.316 [info] > git for-each-ref --format=%(refname)%00%(upstream:short)%00%(objectname)%00%(upstream:track)%00%(upstream:remotename)%00%(upstream:remoteref) refs/heads/master refs/remotes/master [0ms]
2025-05-05 22:06:25.321 [info] > git for-each-ref --sort -committerdate --format %(refname)%00%(objectname)%00%(*objectname) [0ms]
2025-05-05 22:06:25.330 [info] > git status -z -uall [12ms]
2025-05-05 22:06:31.729 [info] > git config --get commit.template [1ms]
2025-05-05 22:06:31.731 [info] > git for-each-ref --format=%(refname)%00%(upstream:short)%00%(objectname)%00%(upstream:track)%00%(upstream:remotename)%00%(upstream:remoteref) refs/heads/master refs/remotes/master [1ms]
2025-05-05 22:06:31.736 [info] > git for-each-ref --sort -committerdate --format %(refname)%00%(objectname)%00%(*objectname) [1ms]
2025-05-05 22:06:31.746 [info] > git status -z -uall [13ms]
2025-05-05 22:06:36.752 [info] > git config --get commit.template [2ms]
2025-05-05 22:06:36.752 [info] > git for-each-ref --format=%(refname)%00%(upstream:short)%00%(objectname)%00%(upstream:track)%00%(upstream:remotename)%00%(upstream:remoteref) refs/heads/master refs/remotes/master [1ms]
2025-05-05 22:06:36.756 [info] > git for-each-ref --sort -committerdate --format %(refname)%00%(objectname)%00%(*objectname) [1ms]
2025-05-05 22:06:36.767 [info] > git status -z -uall [14ms]
2025-05-05 22:06:41.775 [info] > git config --get commit.template [2ms]
2025-05-05 22:06:41.775 [info] > git for-each-ref --format=%(refname)%00%(upstream:short)%00%(objectname)%00%(upstream:track)%00%(upstream:remotename)%00%(upstream:remoteref) refs/heads/master refs/remotes/master [1ms]
2025-05-05 22:06:41.778 [info] > git for-each-ref --sort -committerdate --format %(refname)%00%(objectname)%00%(*objectname) [1ms]
2025-05-05 22:06:41.790 [info] > git status -z -uall [14ms]
2025-05-05 22:06:46.799 [info] > git config --get commit.template [3ms]
2025-05-05 22:06:46.799 [info] > git for-each-ref --format=%(refname)%00%(upstream:short)%00%(objectname)%00%(upstream:track)%00%(upstream:remotename)%00%(upstream:remoteref) refs/heads/master refs/remotes/master [1ms]
2025-05-05 22:06:46.805 [info] > git for-each-ref --sort -committerdate --format %(refname)%00%(objectname)%00%(*objectname) [3ms]
2025-05-05 22:06:46.816 [info] > git status -z -uall [16ms]
2025-05-05 22:06:51.824 [info] > git config --get commit.template [2ms]
2025-05-05 22:06:51.825 [info] > git for-each-ref --format=%(refname)%00%(upstream:short)%00%(objectname)%00%(upstream:track)%00%(upstream:remotename)%00%(upstream:remoteref) refs/heads/master refs/remotes/master [1ms]
2025-05-05 22:06:51.828 [info] > git for-each-ref --sort -committerdate --format %(refname)%00%(objectname)%00%(*objectname) [1ms]
2025-05-05 22:06:51.840 [info] > git status -z -uall [14ms]
2025-05-05 22:06:56.847 [info] > git config --get commit.template [1ms]
2025-05-05 22:06:56.850 [info] > git for-each-ref --format=%(refname)%00%(upstream:short)%00%(objectname)%00%(upstream:track)%00%(upstream:remotename)%00%(upstream:remoteref) refs/heads/master refs/remotes/master [1ms]
2025-05-05 22:06:56.854 [info] > git for-each-ref --sort -committerdate --format %(refname)%00%(objectname)%00%(*objectname) [1ms]
2025-05-05 22:06:56.864 [info] > git status -z -uall [12ms]
2025-05-05 22:07:01.871 [info] > git config --get commit.template [2ms]
2025-05-05 22:07:01.871 [info] > git for-each-ref --format=%(refname)%00%(upstream:short)%00%(objectname)%00%(upstream:track)%00%(upstream:remotename)%00%(upstream:remoteref) refs/heads/master refs/remotes/master [0ms]
2025-05-05 22:07:01.875 [info] > git for-each-ref --sort -committerdate --format %(refname)%00%(objectname)%00%(*objectname) [1ms]
2025-05-05 22:07:01.888 [info] > git status -z -uall [15ms]
2025-05-05 22:07:08.236 [info] > git config --get commit.template [1ms]
2025-05-05 22:07:08.238 [info] > git for-each-ref --format=%(refname)%00%(upstream:short)%00%(objectname)%00%(upstream:track)%00%(upstream:remotename)%00%(upstream:remoteref) refs/heads/master refs/remotes/master [0ms]
2025-05-05 22:07:08.243 [info] > git for-each-ref --sort -committerdate --format %(refname)%00%(objectname)%00%(*objectname) [1ms]
2025-05-05 22:07:08.254 [info] > git status -z -uall [14ms]
2025-05-05 22:12:21.594 [info] > git config --get commit.template [3ms]
2025-05-05 22:12:21.594 [info] > git for-each-ref --format=%(refname)%00%(upstream:short)%00%(objectname)%00%(upstream:track)%00%(upstream:remotename)%00%(upstream:remoteref) refs/heads/master refs/remotes/master [0ms]
2025-05-05 22:12:21.600 [info] > git for-each-ref --sort -committerdate --format %(refname)%00%(objectname)%00%(*objectname) [1ms]
2025-05-05 22:12:21.616 [info] > git status -z -uall [20ms]
2025-05-05 22:12:26.626 [info] > git config --get commit.template [3ms]
2025-05-05 22:12:26.626 [info] > git for-each-ref --format=%(refname)%00%(upstream:short)%00%(objectname)%00%(upstream:track)%00%(upstream:remotename)%00%(upstream:remoteref) refs/heads/master refs/remotes/master [1ms]
2025-05-05 22:12:26.631 [info] > git for-each-ref --sort -committerdate --format %(refname)%00%(objectname)%00%(*objectname) [1ms]
2025-05-05 22:12:26.642 [info] > git status -z -uall [14ms]
2025-05-05 22:12:31.650 [info] > git config --get commit.template [2ms]
2025-05-05 22:12:31.650 [info] > git for-each-ref --format=%(refname)%00%(upstream:short)%00%(objectname)%00%(upstream:track)%00%(upstream:remotename)%00%(upstream:remoteref) refs/heads/master refs/remotes/master [1ms]
2025-05-05 22:12:31.654 [info] > git for-each-ref --sort -committerdate --format %(refname)%00%(objectname)%00%(*objectname) [1ms]
2025-05-05 22:12:31.668 [info] > git status -z -uall [17ms]
2025-05-05 22:12:36.675 [info] > git config --get commit.template [2ms]
2025-05-05 22:12:36.675 [info] > git for-each-ref --format=%(refname)%00%(upstream:short)%00%(objectname)%00%(upstream:track)%00%(upstream:remotename)%00%(upstream:remoteref) refs/heads/master refs/remotes/master [0ms]
2025-05-05 22:12:36.680 [info] > git for-each-ref --sort -committerdate --format %(refname)%00%(objectname)%00%(*objectname) [1ms]
2025-05-05 22:12:36.691 [info] > git status -z -uall [14ms]
2025-05-05 22:12:42.954 [info] > git config --get commit.template [2ms]
2025-05-05 22:12:42.955 [info] > git for-each-ref --format=%(refname)%00%(upstream:short)%00%(objectname)%00%(upstream:track)%00%(upstream:remotename)%00%(upstream:remoteref) refs/heads/master refs/remotes/master [0ms]
2025-05-05 22:12:42.958 [info] > git for-each-ref --sort -committerdate --format %(refname)%00%(objectname)%00%(*objectname) [1ms]
2025-05-05 22:12:42.969 [info] > git status -z -uall [13ms]
2025-05-05 22:12:47.977 [info] > git config --get commit.template [2ms]
2025-05-05 22:12:47.978 [info] > git for-each-ref --format=%(refname)%00%(upstream:short)%00%(objectname)%00%(upstream:track)%00%(upstream:remotename)%00%(upstream:remoteref) refs/heads/master refs/remotes/master [1ms]
2025-05-05 22:12:47.983 [info] > git for-each-ref --sort -committerdate --format %(refname)%00%(objectname)%00%(*objectname) [1ms]
2025-05-05 22:12:47.995 [info] > git status -z -uall [15ms]
2025-05-05 22:12:53.004 [info] > git config --get commit.template [4ms]
2025-05-05 22:12:53.004 [info] > git for-each-ref --format=%(refname)%00%(upstream:short)%00%(objectname)%00%(upstream:track)%00%(upstream:remotename)%00%(upstream:remoteref) refs/heads/master refs/remotes/master [2ms]
2025-05-05 22:12:53.008 [info] > git for-each-ref --sort -committerdate --format %(refname)%00%(objectname)%00%(*objectname) [1ms]
2025-05-05 22:12:53.020 [info] > git status -z -uall [15ms]
2025-05-05 22:13:00.635 [info] > git config --get commit.template [2ms]
2025-05-05 22:13:00.636 [info] > git for-each-ref --format=%(refname)%00%(upstream:short)%00%(objectname)%00%(upstream:track)%00%(upstream:remotename)%00%(upstream:remoteref) refs/heads/master refs/remotes/master [1ms]
2025-05-05 22:13:00.643 [info] > git for-each-ref --sort -committerdate --format %(refname)%00%(objectname)%00%(*objectname) [2ms]
2025-05-05 22:13:00.656 [info] > git status -z -uall [18ms]
2025-05-05 22:13:05.664 [info] > git config --get commit.template [2ms]
2025-05-05 22:13:05.664 [info] > git for-each-ref --format=%(refname)%00%(upstream:short)%00%(objectname)%00%(upstream:track)%00%(upstream:remotename)%00%(upstream:remoteref) refs/heads/master refs/remotes/master [0ms]
2025-05-05 22:13:05.668 [info] > git for-each-ref --sort -committerdate --format %(refname)%00%(objectname)%00%(*objectname) [1ms]
2025-05-05 22:13:05.680 [info] > git status -z -uall [14ms]
2025-05-06 11:22:42.502 [info] > git config --get commit.template [9ms]
2025-05-06 11:22:42.504 [info] > git for-each-ref --format=%(refname)%00%(upstream:short)%00%(objectname)%00%(upstream:track)%00%(upstream:remotename)%00%(upstream:remoteref) refs/heads/master refs/remotes/master [7ms]
2025-05-06 11:22:42.513 [info] > git for-each-ref --sort -committerdate --format %(refname)%00%(objectname)%00%(*objectname) [4ms]
2025-05-06 11:22:42.803 [info] > git status -z -uall [296ms]
2025-05-07 14:52:19.477 [info] > git config --get commit.template [6ms]
2025-05-07 14:52:19.480 [info] > git for-each-ref --format=%(refname)%00%(upstream:short)%00%(objectname)%00%(upstream:track)%00%(upstream:remotename)%00%(upstream:remoteref) refs/heads/master refs/remotes/master [5ms]
2025-05-07 14:52:19.492 [info] > git for-each-ref --sort -committerdate --format %(refname)%00%(objectname)%00%(*objectname) [1ms]
2025-05-07 14:52:19.527 [info] > git status -z -uall [44ms]
2025-05-07 14:52:20.850 [info] > git ls-files --stage -- web.html [18ms]
2025-05-07 14:52:20.857 [info] > git cat-file -s 91e695f6eebc852f291d187e6262ef1f5fff0483 [2ms]
2025-05-07 14:52:20.879 [info] > git show --textconv :web.html [8ms]
2025-05-07 14:52:28.948 [info] > git check-ignore -v -z --stdin [5ms]
2025-05-07 14:52:52.432 [info] > git config --get commit.template [7ms]
2025-05-07 14:52:52.433 [info] > git for-each-ref --format=%(refname)%00%(upstream:short)%00%(objectname)%00%(upstream:track)%00%(upstream:remotename)%00%(upstream:remoteref) refs/heads/master refs/remotes/master [4ms]
2025-05-07 14:52:52.438 [info] > git ls-files --stage -- web.html [6ms]
2025-05-07 14:52:52.440 [info] > git for-each-ref --sort -committerdate --format %(refname)%00%(objectname)%00%(*objectname) [3ms]
2025-05-07 14:52:52.440 [info] > git cat-file -s 91e695f6eebc852f291d187e6262ef1f5fff0483 [0ms]
2025-05-07 14:52:52.443 [info] > git status -z -uall [8ms]
2025-05-07 14:52:52.453 [info] > git blame --root --incremental 532040cc38af5ebd6a9a7f2ab8b83ca2d00f6186 -- web.html [4ms]
2025-05-07 14:52:52.455 [info] > git show --textconv :web.html [3ms]
2025-05-07 14:52:57.467 [info] > git config --get commit.template [5ms]
2025-05-07 14:52:57.468 [info] > git for-each-ref --format=%(refname)%00%(upstream:short)%00%(objectname)%00%(upstream:track)%00%(upstream:remotename)%00%(upstream:remoteref) refs/heads/master refs/remotes/master [2ms]
2025-05-07 14:52:57.479 [info] > git for-each-ref --sort -committerdate --format %(refname)%00%(objectname)%00%(*objectname) [3ms]
2025-05-07 14:52:57.493 [info] > git status -z -uall [21ms]
2025-05-07 14:53:02.507 [info] > git config --get commit.template [5ms]
2025-05-07 14:53:02.508 [info] > git for-each-ref --format=%(refname)%00%(upstream:short)%00%(objectname)%00%(upstream:track)%00%(upstream:remotename)%00%(upstream:remoteref) refs/heads/master refs/remotes/master [2ms]
2025-05-07 14:53:02.518 [info] > git for-each-ref --sort -committerdate --format %(refname)%00%(objectname)%00%(*objectname) [2ms]
2025-05-07 14:53:02.527 [info] > git status -z -uall [15ms]
2025-05-07 14:53:07.542 [info] > git config --get commit.template [5ms]
2025-05-07 14:53:07.543 [info] > git for-each-ref --format=%(refname)%00%(upstream:short)%00%(objectname)%00%(upstream:track)%00%(upstream:remotename)%00%(upstream:remoteref) refs/heads/master refs/remotes/master [2ms]
2025-05-07 14:53:07.555 [info] > git for-each-ref --sort -committerdate --format %(refname)%00%(objectname)%00%(*objectname) [3ms]
2025-05-07 14:53:07.571 [info] > git status -z -uall [24ms]
2025-05-07 14:53:18.870 [info] > git check-ignore -v -z --stdin [7ms]
2025-05-07 16:12:07.670 [info] > git config --get commit.template [4ms]
2025-05-07 16:12:07.673 [info] > git for-each-ref --format=%(refname)%00%(upstream:short)%00%(objectname)%00%(upstream:track)%00%(upstream:remotename)%00%(upstream:remoteref) refs/heads/master refs/remotes/master [4ms]
2025-05-07 16:12:07.680 [info] > git ls-files --stage -- web.html [7ms]
2025-05-07 16:12:07.683 [info] > git for-each-ref --sort -committerdate --format %(refname)%00%(objectname)%00%(*objectname) [6ms]
2025-05-07 16:12:07.684 [info] > git status -z -uall [9ms]
2025-05-07 16:12:07.689 [info] > git cat-file -s 91e695f6eebc852f291d187e6262ef1f5fff0483 [6ms]
2025-05-07 16:12:07.690 [info] > git blame --root --incremental d94deb4c2af77cc79afb4894cf235b93f1371624 -- web.html [2ms]
2025-05-07 16:12:07.700 [info] > git show --textconv :web.html [2ms]
2025-05-07 16:32:09.909 [info] > git config --get commit.template [1ms]
2025-05-07 16:32:09.913 [info] > git for-each-ref --format=%(refname)%00%(upstream:short)%00%(objectname)%00%(upstream:track)%00%(upstream:remotename)%00%(upstream:remoteref) refs/heads/master refs/remotes/master [0ms]
2025-05-07 16:32:09.924 [info] > git for-each-ref --sort -committerdate --format %(refname)%00%(objectname)%00%(*objectname) [5ms]
2025-05-07 16:32:09.925 [info] > git status -z -uall [10ms]
2025-05-07 16:32:09.927 [info] > git ls-files --stage -- web.html [3ms]
2025-05-07 16:32:09.930 [info] > git cat-file -s 91e695f6eebc852f291d187e6262ef1f5fff0483 [1ms]
2025-05-07 16:32:09.941 [info] > git show --textconv :web.html [2ms]
2025-05-07 16:32:16.105 [info] > git config --get commit.template [1ms]
2025-05-07 16:32:16.109 [info] > git for-each-ref --format=%(refname)%00%(upstream:short)%00%(objectname)%00%(upstream:track)%00%(upstream:remotename)%00%(upstream:remoteref) refs/heads/master refs/remotes/master [1ms]
2025-05-07 16:32:16.114 [info] > git for-each-ref --sort -committerdate --format %(refname)%00%(objectname)%00%(*objectname) [1ms]
2025-05-07 16:32:16.118 [info] > git status -z -uall [7ms]
2025-05-07 16:32:24.555 [info] > git config --get commit.template [4ms]
2025-05-07 16:32:24.555 [info] > git for-each-ref --format=%(refname)%00%(upstream:short)%00%(objectname)%00%(upstream:track)%00%(upstream:remotename)%00%(upstream:remoteref) refs/heads/master refs/remotes/master [0ms]
2025-05-07 16:32:24.561 [info] > git for-each-ref --sort -committerdate --format %(refname)%00%(objectname)%00%(*objectname) [1ms]
2025-05-07 16:32:24.565 [info] > git status -z -uall [7ms]
2025-05-07 16:32:29.572 [info] > git config --get commit.template [2ms]
2025-05-07 16:32:29.573 [info] > git for-each-ref --format=%(refname)%00%(upstream:short)%00%(objectname)%00%(upstream:track)%00%(upstream:remotename)%00%(upstream:remoteref) refs/heads/master refs/remotes/master [1ms]
2025-05-07 16:32:29.577 [info] > git for-each-ref --sort -committerdate --format %(refname)%00%(objectname)%00%(*objectname) [1ms]
2025-05-07 16:32:29.582 [info] > git status -z -uall [8ms]
2025-05-07 16:32:34.588 [info] > git config --get commit.template [2ms]
2025-05-07 16:32:34.588 [info] > git for-each-ref --format=%(refname)%00%(upstream:short)%00%(objectname)%00%(upstream:track)%00%(upstream:remotename)%00%(upstream:remoteref) refs/heads/master refs/remotes/master [1ms]
2025-05-07 16:32:34.592 [info] > git for-each-ref --sort -committerdate --format %(refname)%00%(objectname)%00%(*objectname) [1ms]
2025-05-07 16:32:34.595 [info] > git status -z -uall [6ms]
2025-05-07 16:32:39.600 [info] > git config --get commit.template [0ms]
2025-05-07 16:32:39.602 [info] > git for-each-ref --format=%(refname)%00%(upstream:short)%00%(objectname)%00%(upstream:track)%00%(upstream:remotename)%00%(upstream:remoteref) refs/heads/master refs/remotes/master [1ms]
2025-05-07 16:32:39.607 [info] > git for-each-ref --sort -committerdate --format %(refname)%00%(objectname)%00%(*objectname) [2ms]
2025-05-07 16:32:39.608 [info] > git status -z -uall [5ms]
2025-05-07 16:32:40.848 [info] > git ls-files --stage -- web.html [3ms]
2025-05-07 16:32:40.850 [info] > git cat-file -s 91e695f6eebc852f291d187e6262ef1f5fff0483 [1ms]
2025-05-07 16:32:40.858 [info] > git show --textconv :web.html [2ms]
2025-05-07 16:37:07.758 [info] > git config --get commit.template [3ms]
2025-05-07 16:37:07.758 [info] > git for-each-ref --format=%(refname)%00%(upstream:short)%00%(objectname)%00%(upstream:track)%00%(upstream:remotename)%00%(upstream:remoteref) refs/heads/master refs/remotes/master [1ms]
2025-05-07 16:37:07.767 [info] > git for-each-ref --sort -committerdate --format %(refname)%00%(objectname)%00%(*objectname) [2ms]
2025-05-07 16:37:07.770 [info] > git status -z -uall [10ms]
2025-05-07 17:14:23.805 [info] > git config --get commit.template [6ms]
2025-05-07 17:14:23.806 [info] > git for-each-ref --format=%(refname)%00%(upstream:short)%00%(objectname)%00%(upstream:track)%00%(upstream:remotename)%00%(upstream:remoteref) refs/heads/master refs/remotes/master [4ms]
2025-05-07 17:14:23.813 [info] > git for-each-ref --sort -committerdate --format %(refname)%00%(objectname)%00%(*objectname) [1ms]
2025-05-07 17:14:23.821 [info] > git status -z -uall [12ms]
2025-05-07 17:14:28.828 [info] > git config --get commit.template [1ms]
2025-05-07 17:14:28.830 [info] > git for-each-ref --format=%(refname)%00%(upstream:short)%00%(objectname)%00%(upstream:track)%00%(upstream:remotename)%00%(upstream:remoteref) refs/heads/master refs/remotes/master [0ms]
2025-05-07 17:14:28.839 [info] > git for-each-ref --sort -committerdate --format %(refname)%00%(objectname)%00%(*objectname) [1ms]
2025-05-07 17:14:28.844 [info] > git status -z -uall [11ms]
2025-05-07 17:14:33.852 [info] > git config --get commit.template [3ms]
2025-05-07 17:14:33.852 [info] > git for-each-ref --format=%(refname)%00%(upstream:short)%00%(objectname)%00%(upstream:track)%00%(upstream:remotename)%00%(upstream:remoteref) refs/heads/master refs/remotes/master [1ms]
2025-05-07 17:14:33.857 [info] > git for-each-ref --sort -committerdate --format %(refname)%00%(objectname)%00%(*objectname) [0ms]
2025-05-07 17:14:33.860 [info] > git status -z -uall [6ms]
2025-05-07 17:14:39.756 [info] > git config --get commit.template [2ms]
2025-05-07 17:14:39.757 [info] > git for-each-ref --format=%(refname)%00%(upstream:short)%00%(objectname)%00%(upstream:track)%00%(upstream:remotename)%00%(upstream:remoteref) refs/heads/master refs/remotes/master [1ms]
2025-05-07 17:14:39.760 [info] > git for-each-ref --sort -committerdate --format %(refname)%00%(objectname)%00%(*objectname) [0ms]
2025-05-07 17:14:39.764 [info] > git status -z -uall [6ms]
2025-05-07 17:14:44.770 [info] > git config --get commit.template [1ms]
2025-05-07 17:14:44.772 [info] > git for-each-ref --format=%(refname)%00%(upstream:short)%00%(objectname)%00%(upstream:track)%00%(upstream:remotename)%00%(upstream:remoteref) refs/heads/master refs/remotes/master [1ms]
2025-05-07 17:14:44.780 [info] > git for-each-ref --sort -committerdate --format %(refname)%00%(objectname)%00%(*objectname) [1ms]
2025-05-07 17:14:44.784 [info] > git status -z -uall [10ms]
2025-05-07 17:14:49.792 [info] > git config --get commit.template [3ms]
2025-05-07 17:14:49.792 [info] > git for-each-ref --format=%(refname)%00%(upstream:short)%00%(objectname)%00%(upstream:track)%00%(upstream:remotename)%00%(upstream:remoteref) refs/heads/master refs/remotes/master [1ms]
2025-05-07 17:14:49.797 [info] > git for-each-ref --sort -committerdate --format %(refname)%00%(objectname)%00%(*objectname) [1ms]
2025-05-07 17:14:49.803 [info] > git status -z -uall [8ms]
2025-05-07 17:14:54.810 [info] > git config --get commit.template [2ms]
2025-05-07 17:14:54.811 [info] > git for-each-ref --format=%(refname)%00%(upstream:short)%00%(objectname)%00%(upstream:track)%00%(upstream:remotename)%00%(upstream:remoteref) refs/heads/master refs/remotes/master [1ms]
2025-05-07 17:14:54.814 [info] > git for-each-ref --sort -committerdate --format %(refname)%00%(objectname)%00%(*objectname) [0ms]
2025-05-07 17:14:54.819 [info] > git status -z -uall [7ms]
2025-05-07 17:14:59.826 [info] > git config --get commit.template [2ms]
2025-05-07 17:14:59.827 [info] > git for-each-ref --format=%(refname)%00%(upstream:short)%00%(objectname)%00%(upstream:track)%00%(upstream:remotename)%00%(upstream:remoteref) refs/heads/master refs/remotes/master [0ms]
2025-05-07 17:14:59.830 [info] > git for-each-ref --sort -committerdate --format %(refname)%00%(objectname)%00%(*objectname) [0ms]
2025-05-07 17:14:59.835 [info] > git status -z -uall [7ms]
2025-05-07 17:15:05.402 [info] > git config --get commit.template [3ms]
2025-05-07 17:15:05.407 [info] > git for-each-ref --format=%(refname)%00%(upstream:short)%00%(objectname)%00%(upstream:track)%00%(upstream:remotename)%00%(upstream:remoteref) refs/heads/master refs/remotes/master [1ms]
2025-05-07 17:15:05.422 [info] > git for-each-ref --sort -committerdate --format %(refname)%00%(objectname)%00%(*objectname) [2ms]
2025-05-07 17:15:05.430 [info] > git status -z -uall [15ms]
