2025-05-03 14:44:08.967 [info] [main] Log level: Info
2025-05-03 14:44:08.967 [info] [main] Validating found git in: "git"
2025-05-03 14:44:08.967 [info] [main] Using git "2.43.0" from "git"
2025-05-03 14:44:08.967 [info] [Model][doInitialScan] Initial repository scan started
2025-05-03 14:44:08.967 [info] > git rev-parse --show-toplevel [8ms]
2025-05-03 14:44:08.967 [info] fatal: not a git repository (or any of the parent directories): .git
2025-05-03 14:44:08.967 [info] > git rev-parse --show-toplevel [18ms]
2025-05-03 14:44:08.967 [info] fatal: not a git repository (or any of the parent directories): .git
2025-05-03 14:44:08.967 [info] > git rev-parse --show-toplevel [2ms]
2025-05-03 14:44:08.967 [info] fatal: not a git repository (or any of the parent directories): .git
2025-05-03 14:44:08.970 [info] > git rev-parse --show-toplevel [1ms]
2025-05-03 14:44:08.970 [info] fatal: not a git repository (or any of the parent directories): .git
2025-05-03 14:44:08.973 [info] > git rev-parse --show-toplevel [1ms]
2025-05-03 14:44:08.973 [info] fatal: not a git repository (or any of the parent directories): .git
2025-05-03 14:44:08.975 [info] > git rev-parse --show-toplevel [0ms]
2025-05-03 14:44:08.975 [info] fatal: not a git repository (or any of the parent directories): .git
2025-05-03 14:44:08.978 [info] [Model][doInitialScan] Initial repository scan completed - repositories (0), closed repositories (0), parent repositories (0), unsafe repositories (0)
2025-05-03 14:44:10.046 [info] > git rev-parse --show-toplevel [1ms]
2025-05-03 14:44:10.046 [info] fatal: not a git repository (or any of the parent directories): .git
2025-05-03 14:44:46.754 [info] > git rev-parse --show-toplevel [1ms]
2025-05-03 14:44:46.754 [info] fatal: not a git repository (or any of the parent directories): .git
